This file contains any messages produced by compilers while
running configure, to aid debugging if configure makes a mistake.

It was created by libmpq configure 0.4.2, which was
generated by GNU Autoconf 2.69.  Invocation command line was

  $ ./configure 

## --------- ##
## Platform. ##
## --------- ##

hostname = ns3265138.ip-37-59-52.eu
uname -m = x86_64
uname -r = 3.10.23-xxxx-std-ipv6-64
uname -s = Linux
uname -v = #1 SMP Tue Mar 18 14:48:24 CET 2014

/usr/bin/uname -p = unknown
/bin/uname -X     = unknown

/bin/arch              = unknown
/usr/bin/arch -k       = unknown
/usr/convex/getsysinfo = unknown
/usr/bin/hostinfo      = unknown
/bin/machine           = unknown
/usr/bin/oslevel       = unknown
/bin/universe          = unknown

PATH: /usr/local/sbin
PATH: /usr/local/bin
PATH: /usr/sbin
PATH: /usr/bin
PATH: /sbin
PATH: /bin


## ----------- ##
## Core tests. ##
## ----------- ##

configure:2239: checking build system type
configure:2253: result: x86_64-unknown-linux-gnu
configure:2273: checking host system type
configure:2286: result: x86_64-unknown-linux-gnu
configure:2306: checking target system type
configure:2319: result: x86_64-unknown-linux-gnu
configure:2364: checking for a BSD-compatible install
configure:2432: result: /usr/bin/install -c
configure:2443: checking whether build environment is sane
configure:2493: result: yes
configure:2634: checking for a thread-safe mkdir -p
configure:2673: result: /bin/mkdir -p
configure:2686: checking for gawk
configure:2716: result: no
configure:2686: checking for mawk
configure:2702: found /usr/bin/mawk
configure:2713: result: mawk
configure:2724: checking whether make sets $(MAKE)
configure:2746: result: yes
configure:2880: checking how to print strings
configure:2907: result: printf
configure:2976: checking for gcc
configure:2992: found /usr/bin/gcc
configure:3003: result: gcc
configure:3232: checking for C compiler version
configure:3241: gcc --version >&5
gcc (Debian 4.7.2-5) 4.7.2
Copyright (C) 2012 Free Software Foundation, Inc.
This is free software; see the source for copying conditions.  There is NO
warranty; not even for MERCHANTABILITY or FITNESS FOR A PARTICULAR PURPOSE.

configure:3252: $? = 0
configure:3241: gcc -v >&5
Using built-in specs.
COLLECT_GCC=gcc
COLLECT_LTO_WRAPPER=/usr/lib/gcc/x86_64-linux-gnu/4.7/lto-wrapper
Target: x86_64-linux-gnu
Configured with: ../src/configure -v --with-pkgversion='Debian 4.7.2-5' --with-bugurl=file:///usr/share/doc/gcc-4.7/README.Bugs --enable-languages=c,c++,go,fortran,objc,obj-c++ --prefix=/usr --program-suffix=-4.7 --enable-shared --enable-linker-build-id --with-system-zlib --libexecdir=/usr/lib --without-included-gettext --enable-threads=posix --with-gxx-include-dir=/usr/include/c++/4.7 --libdir=/usr/lib --enable-nls --with-sysroot=/ --enable-clocale=gnu --enable-libstdcxx-debug --enable-libstdcxx-time=yes --enable-gnu-unique-object --enable-plugin --enable-objc-gc --with-arch-32=i586 --with-tune=generic --enable-checking=release --build=x86_64-linux-gnu --host=x86_64-linux-gnu --target=x86_64-linux-gnu
Thread model: posix
gcc version 4.7.2 (Debian 4.7.2-5) 
configure:3252: $? = 0
configure:3241: gcc -V >&5
gcc: error: unrecognized command line option '-V'
gcc: fatal error: no input files
compilation terminated.
configure:3252: $? = 4
configure:3241: gcc -qversion >&5
gcc: error: unrecognized command line option '-qversion'
gcc: fatal error: no input files
compilation terminated.
configure:3252: $? = 4
configure:3272: checking whether the C compiler works
configure:3294: gcc    conftest.c  >&5
configure:3298: $? = 0
configure:3346: result: yes
configure:3349: checking for C compiler default output file name
configure:3351: result: a.out
configure:3357: checking for suffix of executables
configure:3364: gcc -o conftest    conftest.c  >&5
configure:3368: $? = 0
configure:3390: result: 
configure:3412: checking whether we are cross compiling
configure:3420: gcc -o conftest    conftest.c  >&5
configure:3424: $? = 0
configure:3431: ./conftest
configure:3435: $? = 0
configure:3450: result: no
configure:3455: checking for suffix of object files
configure:3477: gcc -c   conftest.c >&5
configure:3481: $? = 0
configure:3502: result: o
configure:3506: checking whether we are using the GNU C compiler
configure:3525: gcc -c   conftest.c >&5
configure:3525: $? = 0
configure:3534: result: yes
configure:3543: checking whether gcc accepts -g
configure:3563: gcc -c -g  conftest.c >&5
configure:3563: $? = 0
configure:3604: result: yes
configure:3621: checking for gcc option to accept ISO C89
configure:3684: gcc  -c -g -O2  conftest.c >&5
configure:3684: $? = 0
configure:3697: result: none needed
configure:3717: checking for a sed that does not truncate output
configure:3781: result: /bin/sed
configure:3799: checking for grep that handles long lines and -e
configure:3857: result: /bin/grep
configure:3862: checking for egrep
configure:3924: result: /bin/grep -E
configure:3929: checking for fgrep
configure:3991: result: /bin/grep -F
configure:4026: checking for ld used by gcc
configure:4093: result: /usr/bin/ld
configure:4100: checking if the linker (/usr/bin/ld) is GNU ld
configure:4115: result: yes
configure:4127: checking for BSD- or MS-compatible name lister (nm)
configure:4176: result: /usr/bin/nm -B
configure:4306: checking the name lister (/usr/bin/nm -B) interface
configure:4313: gcc -c -g -O2  conftest.c >&5
configure:4316: /usr/bin/nm -B "conftest.o"
configure:4319: output
0000000000000000 B some_variable
configure:4326: result: BSD nm
configure:4329: checking whether ln -s works
configure:4333: result: yes
configure:4341: checking the maximum length of command line arguments
configure:4471: result: 1572864
configure:4488: checking whether the shell understands some XSI constructs
configure:4498: result: yes
configure:4502: checking whether the shell understands "+="
configure:4508: result: yes
configure:4543: checking how to convert x86_64-unknown-linux-gnu file names to x86_64-unknown-linux-gnu format
configure:4583: result: func_convert_file_noop
configure:4590: checking how to convert x86_64-unknown-linux-gnu file names to toolchain format
configure:4610: result: func_convert_file_noop
configure:4617: checking for /usr/bin/ld option to reload object files
configure:4624: result: -r
configure:4698: checking for objdump
configure:4714: found /usr/bin/objdump
configure:4725: result: objdump
configure:4757: checking how to recognize dependent libraries
configure:4955: result: pass_all
configure:5040: checking for dlltool
configure:5070: result: no
configure:5100: checking how to associate runtime and link libraries
configure:5127: result: printf %s\n
configure:5188: checking for ar
configure:5204: found /usr/bin/ar
configure:5215: result: ar
configure:5252: checking for archiver @FILE support
configure:5269: gcc -c -g -O2  conftest.c >&5
configure:5269: $? = 0
configure:5272: ar cru libconftest.a @conftest.lst >&5
configure:5275: $? = 0
configure:5280: ar cru libconftest.a @conftest.lst >&5
ar: conftest.o: No such file or directory
configure:5283: $? = 1
configure:5295: result: @
configure:5353: checking for strip
configure:5369: found /usr/bin/strip
configure:5380: result: strip
configure:5452: checking for ranlib
configure:5468: found /usr/bin/ranlib
configure:5479: result: ranlib
configure:5581: checking command to parse /usr/bin/nm -B output from gcc object
configure:5701: gcc -c -g -O2  conftest.c >&5
configure:5704: $? = 0
configure:5708: /usr/bin/nm -B conftest.o \| sed -n -e 's/^.*[ ]\([ABCDGIRSTW][ABCDGIRSTW]*\)[ ][ ]*\([_A-Za-z][_A-Za-z0-9]*\)$/\1 \2 \2/p' | sed '/ __gnu_lto/d' \> conftest.nm
configure:5711: $? = 0
configure:5777: gcc -o conftest -g -O2   conftest.c conftstm.o >&5
configure:5780: $? = 0
configure:5818: result: ok
configure:5855: checking for sysroot
configure:5885: result: no
configure:5962: gcc -c -g -O2  conftest.c >&5
configure:5965: $? = 0
configure:6141: checking for mt
configure:6157: found /bin/mt
configure:6168: result: mt
configure:6191: checking if mt is a manifest tool
configure:6197: mt '-?'
configure:6205: result: no
configure:6847: checking how to run the C preprocessor
configure:6878: gcc -E  conftest.c
configure:6878: $? = 0
configure:6892: gcc -E  conftest.c
conftest.c:11:28: fatal error: ac_nonexistent.h: No such file or directory
compilation terminated.
configure:6892: $? = 1
configure: failed program was:
| /* confdefs.h */
| #define PACKAGE_NAME "libmpq"
| #define PACKAGE_TARNAME "libmpq"
| #define PACKAGE_VERSION "0.4.2"
| #define PACKAGE_STRING "libmpq 0.4.2"
| #define PACKAGE_BUGREPORT "mbroemme@plusserver.de"
| #define PACKAGE_URL ""
| #define PACKAGE "libmpq"
| #define VERSION "0.4.2"
| /* end confdefs.h.  */
| #include <ac_nonexistent.h>
configure:6917: result: gcc -E
configure:6937: gcc -E  conftest.c
configure:6937: $? = 0
configure:6951: gcc -E  conftest.c
conftest.c:11:28: fatal error: ac_nonexistent.h: No such file or directory
compilation terminated.
configure:6951: $? = 1
configure: failed program was:
| /* confdefs.h */
| #define PACKAGE_NAME "libmpq"
| #define PACKAGE_TARNAME "libmpq"
| #define PACKAGE_VERSION "0.4.2"
| #define PACKAGE_STRING "libmpq 0.4.2"
| #define PACKAGE_BUGREPORT "mbroemme@plusserver.de"
| #define PACKAGE_URL ""
| #define PACKAGE "libmpq"
| #define VERSION "0.4.2"
| /* end confdefs.h.  */
| #include <ac_nonexistent.h>
configure:6980: checking for ANSI C header files
configure:7000: gcc -c -g -O2  conftest.c >&5
configure:7000: $? = 0
configure:7073: gcc -o conftest -g -O2   conftest.c  >&5
configure:7073: $? = 0
configure:7073: ./conftest
configure:7073: $? = 0
configure:7084: result: yes
configure:7097: checking for sys/types.h
configure:7097: gcc -c -g -O2  conftest.c >&5
configure:7097: $? = 0
configure:7097: result: yes
configure:7097: checking for sys/stat.h
configure:7097: gcc -c -g -O2  conftest.c >&5
configure:7097: $? = 0
configure:7097: result: yes
configure:7097: checking for stdlib.h
configure:7097: gcc -c -g -O2  conftest.c >&5
configure:7097: $? = 0
configure:7097: result: yes
configure:7097: checking for string.h
configure:7097: gcc -c -g -O2  conftest.c >&5
configure:7097: $? = 0
configure:7097: result: yes
configure:7097: checking for memory.h
configure:7097: gcc -c -g -O2  conftest.c >&5
configure:7097: $? = 0
configure:7097: result: yes
configure:7097: checking for strings.h
configure:7097: gcc -c -g -O2  conftest.c >&5
configure:7097: $? = 0
configure:7097: result: yes
configure:7097: checking for inttypes.h
configure:7097: gcc -c -g -O2  conftest.c >&5
configure:7097: $? = 0
configure:7097: result: yes
configure:7097: checking for stdint.h
configure:7097: gcc -c -g -O2  conftest.c >&5
configure:7097: $? = 0
configure:7097: result: yes
configure:7097: checking for unistd.h
configure:7097: gcc -c -g -O2  conftest.c >&5
configure:7097: $? = 0
configure:7097: result: yes
configure:7111: checking for dlfcn.h
configure:7111: gcc -c -g -O2  conftest.c >&5
configure:7111: $? = 0
configure:7111: result: yes
configure:7317: checking for objdir
configure:7332: result: .libs
configure:7599: checking if gcc supports -fno-rtti -fno-exceptions
configure:7617: gcc -c -g -O2  -fno-rtti -fno-exceptions conftest.c >&5
cc1: warning: command line option '-fno-rtti' is valid for C++/ObjC++ but not for C [enabled by default]
configure:7621: $? = 0
configure:7634: result: no
configure:7961: checking for gcc option to produce PIC
configure:7968: result: -fPIC -DPIC
configure:7976: checking if gcc PIC flag -fPIC -DPIC works
configure:7994: gcc -c -g -O2  -fPIC -DPIC -DPIC conftest.c >&5
configure:7998: $? = 0
configure:8011: result: yes
configure:8040: checking if gcc static flag -static works
configure:8068: result: yes
configure:8083: checking if gcc supports -c -o file.o
configure:8104: gcc -c -g -O2  -o out/conftest2.o conftest.c >&5
configure:8108: $? = 0
configure:8130: result: yes
configure:8138: checking if gcc supports -c -o file.o
configure:8185: result: yes
configure:8218: checking whether the gcc linker (/usr/bin/ld -m elf_x86_64) supports shared libraries
configure:9375: result: yes
configure:9412: checking whether -lc should be explicitly linked in
configure:9420: gcc -c -g -O2  conftest.c >&5
configure:9423: $? = 0
configure:9438: gcc -shared  -fPIC -DPIC conftest.o  -v -Wl,-soname -Wl,conftest -o conftest 2\>\&1 \| /bin/grep  -lc  \>/dev/null 2\>\&1
configure:9441: $? = 0
configure:9455: result: no
configure:9615: checking dynamic linker characteristics
configure:10115: gcc -o conftest -g -O2   -Wl,-rpath -Wl,/foo conftest.c  >&5
configure:10115: $? = 0
configure:10349: result: GNU/Linux ld.so
configure:10456: checking how to hardcode library paths into programs
configure:10481: result: immediate
configure:11021: checking whether stripping libraries is possible
configure:11026: result: yes
configure:11061: checking if libtool supports shared libraries
configure:11063: result: yes
configure:11066: checking whether to build shared libraries
configure:11087: result: yes
configure:11090: checking whether to build static libraries
configure:11094: result: yes
configure:11131: checking whether make sets $(MAKE)
configure:11153: result: yes
configure:11210: checking for gcc
configure:11237: result: gcc
configure:11466: checking for C compiler version
configure:11475: gcc --version >&5
gcc (Debian 4.7.2-5) 4.7.2
Copyright (C) 2012 Free Software Foundation, Inc.
This is free software; see the source for copying conditions.  There is NO
warranty; not even for MERCHANTABILITY or FITNESS FOR A PARTICULAR PURPOSE.

configure:11486: $? = 0
configure:11475: gcc -v >&5
Using built-in specs.
COLLECT_GCC=gcc
COLLECT_LTO_WRAPPER=/usr/lib/gcc/x86_64-linux-gnu/4.7/lto-wrapper
Target: x86_64-linux-gnu
Configured with: ../src/configure -v --with-pkgversion='Debian 4.7.2-5' --with-bugurl=file:///usr/share/doc/gcc-4.7/README.Bugs --enable-languages=c,c++,go,fortran,objc,obj-c++ --prefix=/usr --program-suffix=-4.7 --enable-shared --enable-linker-build-id --with-system-zlib --libexecdir=/usr/lib --without-included-gettext --enable-threads=posix --with-gxx-include-dir=/usr/include/c++/4.7 --libdir=/usr/lib --enable-nls --with-sysroot=/ --enable-clocale=gnu --enable-libstdcxx-debug --enable-libstdcxx-time=yes --enable-gnu-unique-object --enable-plugin --enable-objc-gc --with-arch-32=i586 --with-tune=generic --enable-checking=release --build=x86_64-linux-gnu --host=x86_64-linux-gnu --target=x86_64-linux-gnu
Thread model: posix
gcc version 4.7.2 (Debian 4.7.2-5) 
configure:11486: $? = 0
configure:11475: gcc -V >&5
gcc: error: unrecognized command line option '-V'
gcc: fatal error: no input files
compilation terminated.
configure:11486: $? = 4
configure:11475: gcc -qversion >&5
gcc: error: unrecognized command line option '-qversion'
gcc: fatal error: no input files
compilation terminated.
configure:11486: $? = 4
configure:11490: checking whether we are using the GNU C compiler
configure:11518: result: yes
configure:11527: checking whether gcc accepts -g
configure:11588: result: yes
configure:11605: checking for gcc option to accept ISO C89
configure:11681: result: none needed
configure:11708: checking for special C compiler options needed for large files
configure:11753: result: no
configure:11759: checking for _FILE_OFFSET_BITS value needed for large files
configure:11784: gcc -c -g -O2  conftest.c >&5
configure:11784: $? = 0
configure:11816: result: no
configure:11901: checking for _LARGEFILE_SOURCE value needed for large files
configure:11920: gcc -o conftest -g -O2   conftest.c  >&5
configure:11920: $? = 0
configure:11948: result: no
configure:11999: checking zlib.h usability
configure:11999: gcc -c -g -O2  conftest.c >&5
configure:11999: $? = 0
configure:11999: result: yes
configure:11999: checking zlib.h presence
configure:11999: gcc -E  conftest.c
configure:11999: $? = 0
configure:11999: result: yes
configure:11999: checking for zlib.h
configure:11999: result: yes
configure:12007: checking for inflateEnd in -lz
configure:12032: gcc -o conftest -g -O2   conftest.c -lz   >&5
configure:12032: $? = 0
configure:12041: result: yes
configure:12056: checking bzlib.h usability
configure:12056: gcc -c -g -O2  conftest.c >&5
configure:12056: $? = 0
configure:12056: result: yes
configure:12056: checking bzlib.h presence
configure:12056: gcc -E  conftest.c
configure:12056: $? = 0
configure:12056: result: yes
configure:12056: checking for bzlib.h
configure:12056: result: yes
configure:12064: checking for BZ2_bzDecompressInit in -lbz2
configure:12089: gcc -o conftest -g -O2   conftest.c -lbz2  -lz  >&5
configure:12089: $? = 0
configure:12098: result: yes
configure:12128: gcc -c -g -O2  conftest.c >&5
configure:12128: $? = 0
configure:12167: checking for a Python interpreter with version >= 2.4
configure:12184: python -c import sys # split strings by '.' and convert to numeric. Append some zeros # because we need at least 4 digits for the hex conversion. # map returns an iterator in Python 3.0 and a list in 2.x minver = list(map(int, '2.4'.split('.'))) + [0, 0, 0] minverhex = 0 # xrange is not present in Python 3.0 and range returns an iterator for i in list(range(0, 4)): minverhex = (minverhex << 8) + minver[i] sys.exit(sys.hexversion < minverhex)
./configure: line 12185: python: command not found
configure:12187: $? = 127
configure:12184: python2 -c import sys # split strings by '.' and convert to numeric. Append some zeros # because we need at least 4 digits for the hex conversion. # map returns an iterator in Python 3.0 and a list in 2.x minver = list(map(int, '2.4'.split('.'))) + [0, 0, 0] minverhex = 0 # xrange is not present in Python 3.0 and range returns an iterator for i in list(range(0, 4)): minverhex = (minverhex << 8) + minver[i] sys.exit(sys.hexversion < minverhex)
./configure: line 12185: python2: command not found
configure:12187: $? = 127
configure:12184: python3 -c import sys # split strings by '.' and convert to numeric. Append some zeros # because we need at least 4 digits for the hex conversion. # map returns an iterator in Python 3.0 and a list in 2.x minver = list(map(int, '2.4'.split('.'))) + [0, 0, 0] minverhex = 0 # xrange is not present in Python 3.0 and range returns an iterator for i in list(range(0, 4)): minverhex = (minverhex << 8) + minver[i] sys.exit(sys.hexversion < minverhex)
./configure: line 12185: python3: command not found
configure:12187: $? = 127
configure:12184: python3.2 -c import sys # split strings by '.' and convert to numeric. Append some zeros # because we need at least 4 digits for the hex conversion. # map returns an iterator in Python 3.0 and a list in 2.x minver = list(map(int, '2.4'.split('.'))) + [0, 0, 0] minverhex = 0 # xrange is not present in Python 3.0 and range returns an iterator for i in list(range(0, 4)): minverhex = (minverhex << 8) + minver[i] sys.exit(sys.hexversion < minverhex)
./configure: line 12185: python3.2: command not found
configure:12187: $? = 127
configure:12184: python3.1 -c import sys # split strings by '.' and convert to numeric. Append some zeros # because we need at least 4 digits for the hex conversion. # map returns an iterator in Python 3.0 and a list in 2.x minver = list(map(int, '2.4'.split('.'))) + [0, 0, 0] minverhex = 0 # xrange is not present in Python 3.0 and range returns an iterator for i in list(range(0, 4)): minverhex = (minverhex << 8) + minver[i] sys.exit(sys.hexversion < minverhex)
./configure: line 12185: python3.1: command not found
configure:12187: $? = 127
configure:12184: python3.0 -c import sys # split strings by '.' and convert to numeric. Append some zeros # because we need at least 4 digits for the hex conversion. # map returns an iterator in Python 3.0 and a list in 2.x minver = list(map(int, '2.4'.split('.'))) + [0, 0, 0] minverhex = 0 # xrange is not present in Python 3.0 and range returns an iterator for i in list(range(0, 4)): minverhex = (minverhex << 8) + minver[i] sys.exit(sys.hexversion < minverhex)
./configure: line 12185: python3.0: command not found
configure:12187: $? = 127
configure:12184: python2.7 -c import sys # split strings by '.' and convert to numeric. Append some zeros # because we need at least 4 digits for the hex conversion. # map returns an iterator in Python 3.0 and a list in 2.x minver = list(map(int, '2.4'.split('.'))) + [0, 0, 0] minverhex = 0 # xrange is not present in Python 3.0 and range returns an iterator for i in list(range(0, 4)): minverhex = (minverhex << 8) + minver[i] sys.exit(sys.hexversion < minverhex)
./configure: line 12185: python2.7: command not found
configure:12187: $? = 127
configure:12184: python2.6 -c import sys # split strings by '.' and convert to numeric. Append some zeros # because we need at least 4 digits for the hex conversion. # map returns an iterator in Python 3.0 and a list in 2.x minver = list(map(int, '2.4'.split('.'))) + [0, 0, 0] minverhex = 0 # xrange is not present in Python 3.0 and range returns an iterator for i in list(range(0, 4)): minverhex = (minverhex << 8) + minver[i] sys.exit(sys.hexversion < minverhex)
./configure: line 12185: python2.6: command not found
configure:12187: $? = 127
configure:12184: python2.5 -c import sys # split strings by '.' and convert to numeric. Append some zeros # because we need at least 4 digits for the hex conversion. # map returns an iterator in Python 3.0 and a list in 2.x minver = list(map(int, '2.4'.split('.'))) + [0, 0, 0] minverhex = 0 # xrange is not present in Python 3.0 and range returns an iterator for i in list(range(0, 4)): minverhex = (minverhex << 8) + minver[i] sys.exit(sys.hexversion < minverhex)
./configure: line 12185: python2.5: command not found
configure:12187: $? = 127
configure:12184: python2.4 -c import sys # split strings by '.' and convert to numeric. Append some zeros # because we need at least 4 digits for the hex conversion. # map returns an iterator in Python 3.0 and a list in 2.x minver = list(map(int, '2.4'.split('.'))) + [0, 0, 0] minverhex = 0 # xrange is not present in Python 3.0 and range returns an iterator for i in list(range(0, 4)): minverhex = (minverhex << 8) + minver[i] sys.exit(sys.hexversion < minverhex)
./configure: line 12185: python2.4: command not found
configure:12187: $? = 127
configure:12184: python2.3 -c import sys # split strings by '.' and convert to numeric. Append some zeros # because we need at least 4 digits for the hex conversion. # map returns an iterator in Python 3.0 and a list in 2.x minver = list(map(int, '2.4'.split('.'))) + [0, 0, 0] minverhex = 0 # xrange is not present in Python 3.0 and range returns an iterator for i in list(range(0, 4)): minverhex = (minverhex << 8) + minver[i] sys.exit(sys.hexversion < minverhex)
./configure: line 12185: python2.3: command not found
configure:12187: $? = 127
configure:12184: python2.2 -c import sys # split strings by '.' and convert to numeric. Append some zeros # because we need at least 4 digits for the hex conversion. # map returns an iterator in Python 3.0 and a list in 2.x minver = list(map(int, '2.4'.split('.'))) + [0, 0, 0] minverhex = 0 # xrange is not present in Python 3.0 and range returns an iterator for i in list(range(0, 4)): minverhex = (minverhex << 8) + minver[i] sys.exit(sys.hexversion < minverhex)
./configure: line 12185: python2.2: command not found
configure:12187: $? = 127
configure:12184: python2.1 -c import sys # split strings by '.' and convert to numeric. Append some zeros # because we need at least 4 digits for the hex conversion. # map returns an iterator in Python 3.0 and a list in 2.x minver = list(map(int, '2.4'.split('.'))) + [0, 0, 0] minverhex = 0 # xrange is not present in Python 3.0 and range returns an iterator for i in list(range(0, 4)): minverhex = (minverhex << 8) + minver[i] sys.exit(sys.hexversion < minverhex)
./configure: line 12185: python2.1: command not found
configure:12187: $? = 127
configure:12184: python2.0 -c import sys # split strings by '.' and convert to numeric. Append some zeros # because we need at least 4 digits for the hex conversion. # map returns an iterator in Python 3.0 and a list in 2.x minver = list(map(int, '2.4'.split('.'))) + [0, 0, 0] minverhex = 0 # xrange is not present in Python 3.0 and range returns an iterator for i in list(range(0, 4)): minverhex = (minverhex << 8) + minver[i] sys.exit(sys.hexversion < minverhex)
./configure: line 12185: python2.0: command not found
configure:12187: $? = 127
configure:12193: result: none
configure:12504: creating ./config.status

## ---------------------- ##
## Running config.status. ##
## ---------------------- ##

This file was extended by libmpq config.status 0.4.2, which was
generated by GNU Autoconf 2.69.  Invocation command line was

  CONFIG_FILES    = 
  CONFIG_HEADERS  = 
  CONFIG_LINKS    = 
  CONFIG_COMMANDS = 
  $ ./config.status 

on ns3265138.ip-37-59-52.eu

config.status:1093: creating libmpq.pc
config.status:1093: creating libmpq-config
config.status:1093: creating Makefile
config.status:1093: creating libmpq/Makefile
config.status:1093: creating bindings/Makefile
config.status:1093: creating bindings/d/Makefile
config.status:1093: creating bindings/python/Makefile
config.status:1093: creating doc/Makefile
config.status:1093: creating doc/man1/Makefile
config.status:1093: creating doc/man3/Makefile
config.status:1093: creating tools/Makefile
config.status:1093: creating config.h
config.status:1322: executing libtool commands

## ---------------- ##
## Cache variables. ##
## ---------------- ##

ac_cv_build=x86_64-unknown-linux-gnu
ac_cv_c_compiler_gnu=yes
ac_cv_env_CC_set=
ac_cv_env_CC_value=
ac_cv_env_CFLAGS_set=
ac_cv_env_CFLAGS_value=
ac_cv_env_CPPFLAGS_set=
ac_cv_env_CPPFLAGS_value=
ac_cv_env_CPP_set=
ac_cv_env_CPP_value=
ac_cv_env_LDFLAGS_set=
ac_cv_env_LDFLAGS_value=
ac_cv_env_LIBS_set=
ac_cv_env_LIBS_value=
ac_cv_env_PYTHON_set=
ac_cv_env_PYTHON_value=
ac_cv_env_build_alias_set=
ac_cv_env_build_alias_value=
ac_cv_env_host_alias_set=
ac_cv_env_host_alias_value=
ac_cv_env_target_alias_set=
ac_cv_env_target_alias_value=
ac_cv_header_bzlib_h=yes
ac_cv_header_dlfcn_h=yes
ac_cv_header_inttypes_h=yes
ac_cv_header_memory_h=yes
ac_cv_header_stdc=yes
ac_cv_header_stdint_h=yes
ac_cv_header_stdlib_h=yes
ac_cv_header_string_h=yes
ac_cv_header_strings_h=yes
ac_cv_header_sys_stat_h=yes
ac_cv_header_sys_types_h=yes
ac_cv_header_unistd_h=yes
ac_cv_header_zlib_h=yes
ac_cv_host=x86_64-unknown-linux-gnu
ac_cv_lib_bz2_BZ2_bzDecompressInit=yes
ac_cv_lib_z_inflateEnd=yes
ac_cv_objext=o
ac_cv_path_EGREP='/bin/grep -E'
ac_cv_path_FGREP='/bin/grep -F'
ac_cv_path_GREP=/bin/grep
ac_cv_path_SED=/bin/sed
ac_cv_path_install='/usr/bin/install -c'
ac_cv_path_mkdir=/bin/mkdir
ac_cv_prog_AWK=mawk
ac_cv_prog_CPP='gcc -E'
ac_cv_prog_ac_ct_AR=ar
ac_cv_prog_ac_ct_CC=gcc
ac_cv_prog_ac_ct_MANIFEST_TOOL=mt
ac_cv_prog_ac_ct_OBJDUMP=objdump
ac_cv_prog_ac_ct_RANLIB=ranlib
ac_cv_prog_ac_ct_STRIP=strip
ac_cv_prog_cc_c89=
ac_cv_prog_cc_g=yes
ac_cv_prog_make_make_set=yes
ac_cv_sys_file_offset_bits=no
ac_cv_sys_largefile_CC=no
ac_cv_sys_largefile_source=no
ac_cv_target=x86_64-unknown-linux-gnu
am_cv_pathless_PYTHON=none
lt_cv_ar_at_file=@
lt_cv_archive_cmds_need_lc=no
lt_cv_deplibs_check_method=pass_all
lt_cv_file_magic_cmd='$MAGIC_CMD'
lt_cv_file_magic_test_file=
lt_cv_ld_reload_flag=-r
lt_cv_nm_interface='BSD nm'
lt_cv_objdir=.libs
lt_cv_path_LD=/usr/bin/ld
lt_cv_path_NM='/usr/bin/nm -B'
lt_cv_path_mainfest_tool=no
lt_cv_prog_compiler_c_o=yes
lt_cv_prog_compiler_pic='-fPIC -DPIC'
lt_cv_prog_compiler_pic_works=yes
lt_cv_prog_compiler_rtti_exceptions=no
lt_cv_prog_compiler_static_works=yes
lt_cv_prog_gnu_ld=yes
lt_cv_sharedlib_from_linklib_cmd='printf %s\n'
lt_cv_shlibpath_overrides_runpath=no
lt_cv_sys_global_symbol_pipe='sed -n -e '\''s/^.*[	 ]\([ABCDGIRSTW][ABCDGIRSTW]*\)[	 ][	 ]*\([_A-Za-z][_A-Za-z0-9]*\)$/\1 \2 \2/p'\'' | sed '\''/ __gnu_lto/d'\'''
lt_cv_sys_global_symbol_to_c_name_address='sed -n -e '\''s/^: \([^ ]*\)[ ]*$/  {\"\1\", (void *) 0},/p'\'' -e '\''s/^[ABCDGIRSTW]* \([^ ]*\) \([^ ]*\)$/  {"\2", (void *) \&\2},/p'\'''
lt_cv_sys_global_symbol_to_c_name_address_lib_prefix='sed -n -e '\''s/^: \([^ ]*\)[ ]*$/  {\"\1\", (void *) 0},/p'\'' -e '\''s/^[ABCDGIRSTW]* \([^ ]*\) \(lib[^ ]*\)$/  {"\2", (void *) \&\2},/p'\'' -e '\''s/^[ABCDGIRSTW]* \([^ ]*\) \([^ ]*\)$/  {"lib\2", (void *) \&\2},/p'\'''
lt_cv_sys_global_symbol_to_cdecl='sed -n -e '\''s/^T .* \(.*\)$/extern int \1();/p'\'' -e '\''s/^[ABCDGIRSTW]* .* \(.*\)$/extern char \1;/p'\'''
lt_cv_sys_max_cmd_len=1572864
lt_cv_to_host_file_cmd=func_convert_file_noop
lt_cv_to_tool_file_cmd=func_convert_file_noop

## ----------------- ##
## Output variables. ##
## ----------------- ##

ACLOCAL='${SHELL} /home/server/dep/libmpq/missing --run aclocal-1.11'
AMTAR='$${TAR-tar}'
AR='ar'
AUTOCONF='${SHELL} /home/server/dep/libmpq/missing --run autoconf'
AUTOHEADER='${SHELL} /home/server/dep/libmpq/missing --run autoheader'
AUTOMAKE='${SHELL} /home/server/dep/libmpq/missing --run automake-1.11'
AWK='mawk'
CC='gcc'
CFLAGS='-g -O2 -fvisibility=hidden'
CPP='gcc -E'
CPPFLAGS=''
CYGPATH_W='echo'
DEFS='-DHAVE_CONFIG_H'
DLLTOOL='false'
DSYMUTIL=''
DUMPBIN=''
ECHO_C=''
ECHO_N='-n'
ECHO_T=''
EGREP='/bin/grep -E'
EXEEXT=''
FGREP='/bin/grep -F'
GREP='/bin/grep'
HAVE_PYTHON_FALSE=''
HAVE_PYTHON_TRUE='#'
INSTALL_DATA='${INSTALL} -m 644'
INSTALL_PROGRAM='${INSTALL}'
INSTALL_SCRIPT='${INSTALL}'
INSTALL_STRIP_PROGRAM='$(install_sh) -c -s'
LD='/usr/bin/ld -m elf_x86_64'
LDFLAGS=''
LFS_CFLAGS='-D_LARGE_FILES=1'
LIBOBJS=''
LIBS='-lbz2 -lz '
LIBTOOL='$(SHELL) $(top_builddir)/libtool'
LIPO=''
LN_S='ln -s'
LTLIBOBJS=''
MAKEINFO='${SHELL} /home/server/dep/libmpq/missing --run makeinfo'
MANIFEST_TOOL=':'
MKDIR_P='/bin/mkdir -p'
NM='/usr/bin/nm -B'
NMEDIT=''
OBJDUMP='objdump'
OBJEXT='o'
OTOOL64=''
OTOOL=''
PACKAGE='libmpq'
PACKAGE_BUGREPORT='mbroemme@plusserver.de'
PACKAGE_NAME='libmpq'
PACKAGE_STRING='libmpq 0.4.2'
PACKAGE_TARNAME='libmpq'
PACKAGE_URL=''
PACKAGE_VERSION='0.4.2'
PATH_SEPARATOR=':'
PYTHON=':'
PYTHON_EXEC_PREFIX=''
PYTHON_PLATFORM=''
PYTHON_PREFIX=''
PYTHON_VERSION=''
RANLIB='ranlib'
SED='/bin/sed'
SET_MAKE=''
SHELL='/bin/sh'
STRIP='strip'
VERSION='0.4.2'
ac_ct_AR='ar'
ac_ct_CC='gcc'
ac_ct_DUMPBIN=''
am__EXEEXT_FALSE=''
am__EXEEXT_TRUE='#'
am__isrc=''
am__leading_dot='.'
am__tar='$${TAR-tar} chof - "$$tardir"'
am__untar='$${TAR-tar} xf -'
bindir='${exec_prefix}/bin'
build='x86_64-unknown-linux-gnu'
build_alias=''
build_cpu='x86_64'
build_os='linux-gnu'
build_vendor='unknown'
datadir='${datarootdir}'
datarootdir='${prefix}/share'
docdir='${datarootdir}/doc/${PACKAGE_TARNAME}'
dvidir='${docdir}'
exec_prefix='${prefix}'
host='x86_64-unknown-linux-gnu'
host_alias=''
host_cpu='x86_64'
host_os='linux-gnu'
host_vendor='unknown'
htmldir='${docdir}'
includedir='${prefix}/include'
infodir='${datarootdir}/info'
install_sh='${SHELL} /home/server/dep/libmpq/install-sh'
libdir='${exec_prefix}/lib'
libexecdir='${exec_prefix}/libexec'
localedir='${datarootdir}/locale'
localstatedir='${prefix}/var'
mandir='${datarootdir}/man'
mkdir_p='/bin/mkdir -p'
oldincludedir='/usr/include'
pdfdir='${docdir}'
pkgpyexecdir=''
pkgpythondir=''
prefix='/usr/local'
program_transform_name='s,x,x,'
psdir='${docdir}'
pyexecdir=''
pythondir=''
sbindir='${exec_prefix}/sbin'
sharedstatedir='${prefix}/com'
sysconfdir='${prefix}/etc'
target='x86_64-unknown-linux-gnu'
target_alias=''
target_cpu='x86_64'
target_os='linux-gnu'
target_vendor='unknown'

## ----------- ##
## confdefs.h. ##
## ----------- ##

/* confdefs.h */
#define PACKAGE_NAME "libmpq"
#define PACKAGE_TARNAME "libmpq"
#define PACKAGE_VERSION "0.4.2"
#define PACKAGE_STRING "libmpq 0.4.2"
#define PACKAGE_BUGREPORT "mbroemme@plusserver.de"
#define PACKAGE_URL ""
#define PACKAGE "libmpq"
#define VERSION "0.4.2"
#define STDC_HEADERS 1
#define HAVE_SYS_TYPES_H 1
#define HAVE_SYS_STAT_H 1
#define HAVE_STDLIB_H 1
#define HAVE_STRING_H 1
#define HAVE_MEMORY_H 1
#define HAVE_STRINGS_H 1
#define HAVE_INTTYPES_H 1
#define HAVE_STDINT_H 1
#define HAVE_UNISTD_H 1
#define HAVE_DLFCN_H 1
#define LT_OBJDIR ".libs/"
#define HAVE_FSEEKO 1
#define HAVE_LIBZ 1
#define HAVE_LIBBZ2 1

configure: exit 0

## ---------------------- ##
## Running config.status. ##
## ---------------------- ##

This file was extended by libmpq config.status 0.4.2, which was
generated by GNU Autoconf 2.69.  Invocation command line was

  CONFIG_FILES    = 
  CONFIG_HEADERS  = 
  CONFIG_LINKS    = 
  CONFIG_COMMANDS = 
  $ ./config.status config.h

on ns3265138.ip-37-59-52.eu

config.status:1093: creating config.h
config.status:1274: config.h is unchanged
